<?xml version="1.0" encoding="UTF-8"?>
<testsuite xmlns:xsi="http://www.w3.org/2001/XMLSchema-instance" xsi:noNamespaceSchemaLocation="https://maven.apache.org/surefire/maven-surefire-plugin/xsd/surefire-test-report.xsd" name="org.interview.bcs.domains.book.UpsertBookControllerTest" time="0.039" tests="2" errors="0" skipped="0" failures="0">
  <properties>
[...]
</properties>
  <testcase name="t" classname="org.interview.bcs.domains.book.UpsertBookControllerTest" time="0.006"/>
  <testcase name="testUpsertBook" classname="org.interview.bcs.domains.book.UpsertBookControllerTest" time="0.03"/>
</testsuite>